usrlib  is loaded
inilib  is loaded
agglib  is loaded
agglib  is already loaded
seqlib  is loaded
fraclib is loaded
................::::::::::::::::::::::::::::::::::::::::::::...............
...........::::::::::::::::::::::::::::::::::::::::::::::::::::::..........
........::::::::::::::::::::::::::::::::::,,,,,,,:::::::::::::::::::.......
.....:::::::::::::::::::::::::::::,,,,,,,,,,,,,,,,,,,,,,:::::::::::::::....
...::::::::::::::::::::::::::,,,,,,,,,,,,;;;!:H!!;;;,,,,,,,,:::::::::::::..
:::::::::::::::::::::::::,,,,,,,,,,,,,;;;;!!/>&*|& !;;;,,,,,,,:::::::::::::
::::::::::::::::::::::,,,,,,,,,,,,,;;;;;!!//)|.*#|>/!;;;;;,,,,,,:::::::::::
::::::::::::::::::,,,,,,,,,,,,;;;;;;!!!!//>|:    !:|//!!;;;;;,,,,,:::::::::
:::::::::::::::,,,,,,,,,,;;;;;;;!!/>>I>>)||I#     H&))>////*!;;,,,,::::::::
::::::::::,,,,,,,,,,;;;;;;;;;!!!!/>H:  #|              IH&*I#/;;,,,,:::::::
::::::,,,,,,,,,;;;;;!!!!!!!!!!//>|.H:                     #I>!!;;,,,,::::::
:::,,,,,,,,,;;;;!/||>///>>///>>)|H                         %|&/;;,,,,,:::::
:,,,,,,,,;;;;;!!//)& :;I*,H#&||&/                           *)/!;;,,,,,::::
,,,,,,;;;;;!!!//>)IH:,        ##                            #&!!;;,,,,,::::
,;;;;!!!!!///>)H%.**           *                            )/!;;;,,,,,::::
                                                          &)/!!;;;,,,,,::::
,;;;;!!!!!///>)H%.**           *                            )/!;;;,,,,,::::
,,,,,,;;;;;!!!//>)IH:,        ##                            #&!!;;,,,,,::::
:,,,,,,,,;;;;;!!//)& :;I*,H#&||&/                           *)/!;;,,,,,::::
:::,,,,,,,,,;;;;!/||>///>>///>>)|H                         %|&/;;,,,,,:::::
::::::,,,,,,,,,;;;;;!!!!!!!!!!//>|.H:                     #I>!!;;,,,,::::::
::::::::::,,,,,,,,,,;;;;;;;;;!!!!/>H:  #|              IH&*I#/;;,,,,:::::::
:::::::::::::::,,,,,,,,,,;;;;;;;!!/>>I>>)||I#     H&))>////*!;;,,,,::::::::
::::::::::::::::::,,,,,,,,,,,,;;;;;;!!!!//>|:    !:|//!!;;;;;,,,,,:::::::::
::::::::::::::::::::::,,,,,,,,,,,,,;;;;;!!//)|.*#|>/!;;;;;,,,,,,:::::::::::
:::::::::::::::::::::::::,,,,,,,,,,,,,;;;;!!/>&*|& !;;;,,,,,,,:::::::::::::
...::::::::::::::::::::::::::,,,,,,,,,,,,;;;!:H!!;;;,,,,,,,,:::::::::::::..
.....:::::::::::::::::::::::::::::,,,,,,,,,,,,,,,,,,,,,,:::::::::::::::....
........::::::::::::::::::::::::::::::::::,,,,,,,:::::::::::::::::::.......
...........::::::::::::::::::::::::::::::::::::::::::::::::::::::..........
